[2025-09-28 21:17:34] Set daily limit 2 min for 9a:92:62:72:b4:31
[2025-09-28 21:18:01] Alert email sent for 9a:92:62:72:b4:31
[2025-09-28 21:19:01] Error blocking 9a:92:62:72:b4:31: Call to undefined method RouterOSClient::findLeaseByMac()
[2025-09-28 21:19:01] Device 9a:92:62:72:b4:31 blocked due to time limit
[2025-09-28 21:39:04] Device 9a:92:62:72:b4:31 unblocked by user
[2025-09-28 21:39:08] Alert email sent for 9a:92:62:72:b4:31
[2025-09-28 21:39:14] Set daily limit 1 min for 9a:92:62:72:b4:31
[2025-09-28 21:39:18] Alert email sent for 9a:92:62:72:b4:31
[2025-09-28 21:40:02] Device 9a:92:62:72:b4:31 blocked due to time limit
[2025-09-28 21:44:18] Device 9a:92:62:72:b4:31 unblocked by user
[2025-09-28 21:44:26] Alert email sent for 9a:92:62:72:b4:31
[2025-09-28 21:45:02] Device 9a:92:62:72:b4:31 blocked due to time limit
[2025-09-28 22:25:51] Device 9a:92:62:72:b4:31 unblocked by user
[2025-09-28 22:26:01] Alert email sent for 9a:92:62:72:b4:31
[2025-09-28 22:26:02] Device 9a:92:62:72:b4:31 blocked due to time limit
[2025-09-28 22:26:25] Device 9a:92:62:72:b4:31 unblocked by user
[2025-09-28 22:26:34] Alert email sent for 9a:92:62:72:b4:31
[2025-09-28 22:27:02] Device 9a:92:62:72:b4:31 blocked due to time limit
[2025-09-28 23:04:00] Device 9a:92:62:72:b4:31 unblocked (reset=yes, minutes=keep)
[2025-09-28 23:04:01] Alert email sent for 9a:92:62:72:b4:31
[2025-09-28 23:04:02] Device 9a:92:62:72:b4:31 blocked due to time limit
[2025-09-28 23:04:32] Device 9a:92:62:72:b4:31 unblocked (reset=no, minutes=keep)
[2025-09-28 23:04:36] Device 9a:92:62:72:b4:31 blocked due to time limit
[2025-09-28 23:04:46] Device 9a:92:62:72:b4:31 unblocked (reset=yes, minutes=2)
[2025-09-28 23:04:50] Alert email sent for 9a:92:62:72:b4:31
[2025-09-28 23:05:52] Device 9a:92:62:72:b4:31 blocked due to time limit
[2025-09-28 23:11:06] Device 9a:92:62:72:b4:31 unblocked (reset=yes, minutes=1)
[2025-09-28 23:11:10] Alert email sent for 9a:92:62:72:b4:31
[2025-09-28 23:12:02] Device 9a:92:62:72:b4:31 blocked due to time limit
[2025-09-28 23:14:05] Device 9a:92:62:72:b4:31 unblocked (reset=yes, minutes=keep)
[2025-09-28 23:14:06] Alert email sent for 9a:92:62:72:b4:31
[2025-09-28 23:15:02] Device 9a:92:62:72:b4:31 blocked due to time limit
[2025-09-28 23:54:22] Set daily limit 1 min for fa:78:72:a7:31:b1
[2025-09-28 23:54:27] Alert email sent for fa:78:72:a7:31:b1
[2025-09-28 23:55:02] Device fa:78:72:a7:31:b1 blocked due to time limit
[2025-09-28 23:55:22] Device fa:78:72:a7:31:b1 unblocked (timer cleared)
[2025-09-29 00:57:51] Set daily limit 1 min for fa:78:72:a7:31:b1
[2025-09-29 00:57:53] Alert email sent for fa:78:72:a7:31:b1
[2025-09-29 00:58:02] Device fa:78:72:a7:31:b1 blocked due to time limit
[2025-09-29 00:58:13] Removed 0 TIME-LIMIT firewall rule(s) for fa:78:72:a7:31:b1
[2025-09-29 00:58:14] Device fa:78:72:a7:31:b1 unblocked (timer cleared)
[2025-09-29 03:39:04] Set daily limit 1 min for fa:78:72:a7:31:b1
[2025-09-29 03:39:09] Alert email sent for fa:78:72:a7:31:b1
[2025-09-29 03:40:02] Device fa:78:72:a7:31:b1 blocked due to time limit
[2025-09-29 03:41:48] Removed 0 TIME-LIMIT firewall rule(s) for fa:78:72:a7:31:b1
[2025-09-29 03:41:48] Removed 0 TIME-LIMIT firewall rule(s) for fa:78:72:a7:31:b1
[2025-09-29 03:41:48] Device fa:78:72:a7:31:b1 unblocked (timer cleared)
[2025-09-29 03:54:31] Set daily limit 1 min for fa:78:72:a7:31:b1
[2025-09-29 03:54:32] Alert email sent for fa:78:72:a7:31:b1
[2025-09-29 03:55:03] Device fa:78:72:a7:31:b1 blocked due to time limit
[2025-09-29 03:55:21] Removed 0 TIME-LIMIT firewall rule(s) for fa:78:72:a7:31:b1
[2025-09-29 03:55:22] Device fa:78:72:a7:31:b1 unblocked (timer cleared)
[2025-09-29 03:56:43] Set daily limit 1 min for fa:78:72:a7:31:b1
[2025-09-29 03:56:47] Alert email sent for fa:78:72:a7:31:b1
[2025-09-29 03:57:02] Device fa:78:72:a7:31:b1 blocked due to time limit
[2025-09-29 03:57:09] Removed 0 TIME-LIMIT firewall rule(s) for fa:78:72:a7:31:b1
[2025-09-29 03:57:09] Device fa:78:72:a7:31:b1 unblocked (timer cleared)
[2025-09-29 04:05:57] Set daily limit 1 min for fa:78:72:a7:31:b1
[2025-09-29 04:06:01] Alert email sent for fa:78:72:a7:31:b1
[2025-09-29 04:06:01] Alert email sent for fa:78:72:a7:31:b1
[2025-09-29 04:06:02] Device fa:78:72:a7:31:b1 blocked due to time limit
[2025-09-29 04:06:12] Removed 0 TIME-LIMIT firewall rule(s) for fa:78:72:a7:31:b1
[2025-09-29 04:06:12] Device fa:78:72:a7:31:b1 unblocked (timer cleared)
[2025-09-29 04:07:25] Set daily limit 1 min for fa:78:72:a7:31:b1
[2025-09-29 04:07:26] Alert email sent for fa:78:72:a7:31:b1
[2025-09-29 04:08:03] Device fa:78:72:a7:31:b1 blocked due to time limit
[2025-09-29 04:08:09] Removed 0 TIME-LIMIT firewall rule(s) for fa:78:72:a7:31:b1
[2025-09-29 04:08:09] Device fa:78:72:a7:31:b1 unblocked (timer cleared)
[2025-09-29 04:12:19] Removed 0 TIME-LIMIT firewall rule(s) for fa:78:72:a7:31:b1
[2025-09-29 04:12:19] Device fa:78:72:a7:31:b1 unblocked (timer cleared)
[2025-09-29 04:14:11] Removed 0 TIME-LIMIT firewall rule(s) for fa:78:72:a7:31:b1
[2025-09-29 04:14:11] Device fa:78:72:a7:31:b1 unblocked (timer cleared)
[2025-09-29 04:38:17] Set daily limit 1 min for fa:78:72:a7:31:b1
[2025-09-29 04:38:19] Alert email sent for fa:78:72:a7:31:b1
[2025-09-29 04:39:02] Device fa:78:72:a7:31:b1 blocked due to time limit
[2025-09-29 04:39:06] Removed 0 TIME-LIMIT firewall rule(s) for fa:78:72:a7:31:b1
[2025-09-29 04:39:07] Device fa:78:72:a7:31:b1 unblocked (timer cleared)
[2025-09-29 11:22:51] Set daily limit 1 min for fa:78:72:a7:31:b1
[2025-09-29 11:22:55] Alert email sent for fa:78:72:a7:31:b1
[2025-09-29 11:23:02] Device fa:78:72:a7:31:b1 blocked due to time limit
[2025-09-29 11:23:44] Removed 0 TIME-LIMIT firewall rule(s) for fa:78:72:a7:31:b1
[2025-09-29 11:23:44] Device fa:78:72:a7:31:b1 unblocked (timer cleared)
